# JRE version: OpenJDK Runtime Environment Microsoft-13106404 (21.0.10+7) (build 21.0.10+7-LTS)
# Java VM: OpenJDK 64-Bit Server VM Microsoft-13106404 (21.0.10+7-LTS, mixed mode, sharing, tiered, compressed oops, compressed class ptrs, g1 gc, windows-amd64)
GC Precious Log:
 CardTable entry size: 512
 Card Set container configuration: InlinePtr #cards 5 size 8 Array Of Cards #cards 12 size 40 Howl #buckets 4 coarsen threshold 1843 Howl Bitmap #cards 512 size 80 coarsen threshold 460 Card regions per heap region 1 cards per card region 2048
 CPUs: 4 total, 4 available
 Memory: 8072M
 Large Page Support: Disabled
 NUMA Support: Disabled
 Compressed Oops: Enabled (32-bit)
 Heap Region Size: 1M
 Heap Min Capacity: 256M
 Heap Initial Capacity: 256M
 Heap Max Capacity: 512M
 Pre-touch: Disabled
 Parallel Workers: 4
 Concurrent Workers: 1
 Concurrent Refinement Workers: 4
 Periodic GC: Disabled
Heap:
 garbage-first heap   total 262144K, used 107179K [0x00000000e0000000, 0x0000000100000000)
  region size 1024K, 49 young (50176K), 6 survivors (6144K)
 Metaspace       used 52862K, committed 54400K, reserved 393216K
  class space    used 7366K, committed 8128K, reserved 327680K
GC Heap History (20 events):
Event: 8.087 GC heap before
{Heap before GC invocations=5 (full 0):
 garbage-first heap   total 262144K, used 162122K [0x00000000e0000000, 0x0000000100000000)
  region size 1024K, 134 young (137216K), 12 survivors (12288K)
 Metaspace       used 34798K, committed 35968K, reserved 393216K
  class space    used 5239K, committed 5824K, reserved 327680K
}
Event: 8.106 GC heap after
{Heap after GC invocations=6 (full 0):
 garbage-first heap   total 262144K, used 49526K [0x00000000e0000000, 0x0000000100000000)
  region size 1024K, 18 young (18432K), 18 survivors (18432K)
 Metaspace       used 34798K, committed 35968K, reserved 393216K
  class space    used 5239K, committed 5824K, reserved 327680K
}
Event: 8.164 GC heap before
{Heap before GC invocations=6 (full 0):
 garbage-first heap   total 262144K, used 51574K [0x00000000e0000000, 0x0000000100000000)
  region size 1024K, 21 young (21504K), 18 survivors (18432K)
 Metaspace       used 35098K, committed 36288K, reserved 393216K
  class space    used 5285K, committed 5888K, reserved 327680K
}
Event: 8.185 GC heap after
{Heap after GC invocations=7 (full 0):
 garbage-first heap   total 262144K, used 50519K [0x00000000e0000000, 0x0000000100000000)
  region size 1024K, 2 young (2048K), 2 survivors (2048K)
 Metaspace       used 35098K, committed 36288K, reserved 393216K
  class space    used 5285K, committed 5888K, reserved 327680K
}
Event: 8.233 GC heap before
{Heap before GC invocations=7 (full 0):
 garbage-first heap   total 262144K, used 51543K [0x00000000e0000000, 0x0000000100000000)
  region size 1024K, 5 young (5120K), 2 survivors (2048K)
 Metaspace       used 35469K, committed 36608K, reserved 393216K
  class space    used 5335K, committed 5888K, reserved 327680K
}
Event: 8.237 GC heap after
{Heap after GC invocations=8 (full 0):
 garbage-first heap   total 262144K, used 49559K [0x00000000e0000000, 0x0000000100000000)
  region size 1024K, 1 young (1024K), 1 survivors (1024K)
 Metaspace       used 35469K, committed 36608K, reserved 393216K
  class space    used 5335K, committed 5888K, reserved 327680K
}
Event: 10.015 GC heap before
{Heap before GC invocations=9 (full 0):
 garbage-first heap   total 262144K, used 209303K [0x00000000e0000000, 0x0000000100000000)
  region size 1024K, 153 young (156672K), 1 survivors (1024K)
 Metaspace       used 45129K, committed 46464K, reserved 393216K
  class space    used 6422K, committed 7040K, reserved 327680K
}
Event: 10.030 GC heap after
{Heap after GC invocations=10 (full 0):
 garbage-first heap   total 262144K, used 58660K [0x00000000e0000000, 0x0000000100000000)
  region size 1024K, 10 young (10240K), 10 survivors (10240K)
 Metaspace       used 45129K, committed 46464K, reserved 393216K
  class space    used 6422K, committed 7040K, reserved 327680K
}
Event: 11.724 GC heap before
{Heap before GC invocations=10 (full 0):
 garbage-first heap   total 262144K, used 205092K [0x00000000e0000000, 0x0000000100000000)
  region size 1024K, 153 young (156672K), 10 survivors (10240K)
 Metaspace       used 49973K, committed 51456K, reserved 393216K
  class space    used 7143K, committed 7872K, reserved 327680K
}
Event: 11.749 GC heap after
{Heap after GC invocations=11 (full 0):
 garbage-first heap   total 262144K, used 60846K [0x00000000e0000000, 0x0000000100000000)
  region size 1024K, 12 young (12288K), 12 survivors (12288K)
 Metaspace       used 49973K, committed 51456K, reserved 393216K
  class space    used 7143K, committed 7872K, reserved 327680K
}
Event: 12.685 GC heap before
{Heap before GC invocations=11 (full 0):
 garbage-first heap   total 262144K, used 207278K [0x00000000e0000000, 0x0000000100000000)
  region size 1024K, 153 young (156672K), 12 survivors (12288K)
 Metaspace       used 50104K, committed 51584K, reserved 393216K
  class space    used 7151K, committed 7872K, reserved 327680K
}
Event: 12.704 GC heap after
{Heap after GC invocations=12 (full 0):
 garbage-first heap   total 262144K, used 63275K [0x00000000e0000000, 0x0000000100000000)
  region size 1024K, 6 young (6144K), 6 survivors (6144K)
 Metaspace       used 50104K, committed 51584K, reserved 393216K
  class space    used 7151K, committed 7872K, reserved 327680K
}
Event: 13.404 GC heap before
{Heap before GC invocations=12 (full 0):
 garbage-first heap   total 262144K, used 212779K [0x00000000e0000000, 0x0000000100000000)
  region size 1024K, 153 young (156672K), 6 survivors (6144K)
 Metaspace       used 50170K, committed 51648K, reserved 393216K
  class space    used 7152K, committed 7872K, reserved 327680K
}
Event: 13.416 GC heap after
{Heap after GC invocations=13 (full 0):
 garbage-first heap   total 262144K, used 63275K [0x00000000e0000000, 0x0000000100000000)
  region size 1024K, 6 young (6144K), 6 survivors (6144K)
 Metaspace       used 50170K, committed 51648K, reserved 393216K
  class space    used 7152K, committed 7872K, reserved 327680K
}
Event: 13.977 GC heap before
{Heap before GC invocations=13 (full 0):
 garbage-first heap   total 262144K, used 212779K [0x00000000e0000000, 0x0000000100000000)
  region size 1024K, 153 young (156672K), 6 survivors (6144K)
 Metaspace       used 50198K, committed 51648K, reserved 393216K
  class space    used 7152K, committed 7872K, reserved 327680K
}
Event: 13.983 GC heap after
{Heap after GC invocations=14 (full 0):
 garbage-first heap   total 262144K, used 63275K [0x00000000e0000000, 0x0000000100000000)
  region size 1024K, 6 young (6144K), 6 survivors (6144K)
 Metaspace       used 50198K, committed 51648K, reserved 393216K
  class space    used 7152K, committed 7872K, reserved 327680K
}
Event: 15.008 GC heap before
{Heap before GC invocations=14 (full 0):
 garbage-first heap   total 262144K, used 213803K [0x00000000e0000000, 0x0000000100000000)
  region size 1024K, 153 young (156672K), 6 survivors (6144K)
 Metaspace       used 50343K, committed 51840K, reserved 393216K
  class space    used 7164K, committed 7872K, reserved 327680K
}
Event: 15.018 GC heap after
{Heap after GC invocations=15 (full 0):
 garbage-first heap   total 262144K, used 61501K [0x00000000e0000000, 0x0000000100000000)
  region size 1024K, 5 young (5120K), 5 survivors (5120K)
 Metaspace       used 50343K, committed 51840K, reserved 393216K
  class space    used 7164K, committed 7872K, reserved 327680K
}
Event: 15.596 GC heap before
{Heap before GC invocations=15 (full 0):
 garbage-first heap   total 262144K, used 213053K [0x00000000e0000000, 0x0000000100000000)
  region size 1024K, 153 young (156672K), 5 survivors (5120K)
 Metaspace       used 50431K, committed 51904K, reserved 393216K
  class space    used 7172K, committed 7872K, reserved 327680K
}
Event: 15.603 GC heap after
{Heap after GC invocations=16 (full 0):
 garbage-first heap   total 262144K, used 63147K [0x00000000e0000000, 0x0000000100000000)
  region size 1024K, 6 young (6144K), 6 survivors (6144K)
 Metaspace       used 50431K, committed 51904K, reserved 393216K
  class space    used 7172K, committed 7872K, reserved 327680K
}

